<?xml version="1.0" encoding="UTF-8"?>
<!-- Generated by org.testng.reporters.JUnitXMLReporter -->
<testsuite ignored="0" hostname="Shriprasad" failures="0" tests="4" name="Default test" time="44.827" errors="0" timestamp="2023-12-16T14:08:04 IST">
  <testcase classname="testCases.complete_page2_Test" name="verifyYourOrderMessageTest" time="0.039"/>
  <testcase classname="testCases.complete_page2_Test" name="verifyBackHomebtnTest" time="0.06"/>
  <testcase classname="testCases.complete_page2_Test" name="verifyThankyouMessageTest" time="0.025"/>
  <testcase classname="testCases.complete_page2_Test" name="verifycheckoutCompleteLableTest" time="0.026"/>
</testsuite> <!-- Default test -->
